#
# There is insufficient memory for the Java Runtime Environment to continue.
# Native memory allocation (malloc) failed to allocate 540688 bytes for Chunk::new
# Possible reasons:
#   The system is out of physical RAM or swap space
#   The process is running with CompressedOops enabled, and the Java Heap may be blocking the growth of the native heap
# Possible solutions:
#   Reduce memory load on the system
#   Increase physical memory or swap space
#   Check if swap backing store is full
#   Decrease Java heap size (-Xmx/-Xms)
#   Decrease number of Java threads
#   Decrease Java thread stack sizes (-Xss)
#   Set larger code cache with -XX:ReservedCodeCacheSize=
#   JVM is running with Unscaled Compressed Oops mode in which the Java heap is
#     placed in the first 4GB address space. The Java Heap base address is the
#     maximum limit for the native heap growth. Please use -XX:HeapBaseMinAddress
#     to set the Java Heap base and to place the Java Heap above 4GB virtual address.
# This output file may be truncated or incomplete.
#
#  Out of Memory Error (arena.cpp:189), pid=2500, tid=5276
#
# JRE version: OpenJDK Runtime Environment (17.0.6) (build 17.0.6+0-b2043.56-10027231)
# Java VM: OpenJDK 64-Bit Server VM (17.0.6+0-b2043.56-10027231, mixed mode, tiered, compressed oops, compressed class ptrs, g1 gc, windows-amd64)
# No core dump will be written. Minidumps are not enabled by default on client versions of Windows
#

---------------  S U M M A R Y ------------

Command Line: git4idea.http.GitAskPassApp Username for 'https://github.com': 

Host: Intel(R) Core(TM) i5-4590 CPU @ 3.30GHz, 4 cores, 7G,  Windows 10 , 64 bit Build 19041 (10.0.19041.3636)
Time: Thu May 16 16:52:31 2024 Hora oficial do Brasil elapsed time: 0.489213 seconds (0d 0h 0m 0s)

---------------  T H R E A D  ---------------

Current thread (0x000001b15fd3a7a0):  JavaThread "C2 CompilerThread0" daemon [_thread_in_native, id=5276, stack(0x0000000ac5f00000,0x0000000ac6000000)]


Current CompileTask:
C2:    489  163       4       java.util.zip.ZipFile$Source::initCEN (591 bytes)

Stack: [0x0000000ac5f00000,0x0000000ac6000000]
Native frames: (J=compiled Java code, j=interpreted, Vv=VM code, C=native code)
V  [jvm.dll+0x683c9a]
V  [jvm.dll+0x8427a4]
V  [jvm.dll+0x843f9e]
V  [jvm.dll+0x844603]
V  [jvm.dll+0x249b75]
V  [jvm.dll+0xabcac]
V  [jvm.dll+0xac27c]
V  [jvm.dll+0x368857]
V  [jvm.dll+0x332f31]
V  [jvm.dll+0x3323da]
V  [jvm.dll+0x21c201]
V  [jvm.dll+0x21b621]
V  [jvm.dll+0x1a4fdd]
V  [jvm.dll+0x22b098]
V  [jvm.dll+0x229159]
V  [jvm.dll+0x7f81ec]
V  [jvm.dll+0x7f274a]
V  [jvm.dll+0x682ad5]
C  [ucrtbase.dll+0x21bb2]
C  [KERNEL32.DLL+0x17344]
C  [ntdll.dll+0x526b1]


---------------  P R O C E S S  ---------------

Threads class SMR info:
_java_thread_list=0x000001b1601e14c0, length=13, elements={
0x000001b14625b420, 0x000001b15f2fb610, 0x000001b15f2fca70, 0x000001b15f323070,
0x000001b15f324940, 0x000001b15f325200, 0x000001b15f326260, 0x000001b15fd3a7a0,
0x000001b15fd3b840, 0x000001b15fd41c60, 0x000001b15feb1fe0, 0x000001b15fecafc0,
0x000001b1601d4870
}

Java Threads: ( => current thread )
  0x000001b14625b420 JavaThread "main" [_thread_in_vm, id=9164, stack(0x0000000ac5200000,0x0000000ac5300000)]
  0x000001b15f2fb610 JavaThread "Reference Handler" daemon [_thread_blocked, id=5828, stack(0x0000000ac5900000,0x0000000ac5a00000)]
  0x000001b15f2fca70 JavaThread "Finalizer" daemon [_thread_blocked, id=8728, stack(0x0000000ac5a00000,0x0000000ac5b00000)]
  0x000001b15f323070 JavaThread "Signal Dispatcher" daemon [_thread_blocked, id=5992, stack(0x0000000ac5b00000,0x0000000ac5c00000)]
  0x000001b15f324940 JavaThread "Attach Listener" daemon [_thread_blocked, id=4208, stack(0x0000000ac5c00000,0x0000000ac5d00000)]
  0x000001b15f325200 JavaThread "Service Thread" daemon [_thread_blocked, id=2472, stack(0x0000000ac5d00000,0x0000000ac5e00000)]
  0x000001b15f326260 JavaThread "Monitor Deflation Thread" daemon [_thread_blocked, id=6788, stack(0x0000000ac5e00000,0x0000000ac5f00000)]
=>0x000001b15fd3a7a0 JavaThread "C2 CompilerThread0" daemon [_thread_in_native, id=5276, stack(0x0000000ac5f00000,0x0000000ac6000000)]
  0x000001b15fd3b840 JavaThread "C1 CompilerThread0" daemon [_thread_in_vm, id=476, stack(0x0000000ac6000000,0x0000000ac6100000)]
  0x000001b15fd41c60 JavaThread "Sweeper thread" daemon [_thread_blocked, id=8204, stack(0x0000000ac6100000,0x0000000ac6200000)]
  0x000001b15feb1fe0 JavaThread "Notification Thread" daemon [_thread_blocked, id=5740, stack(0x0000000ac6200000,0x0000000ac6300000)]
  0x000001b15fecafc0 JavaThread "Common-Cleaner" daemon [_thread_blocked, id=2204, stack(0x0000000ac6400000,0x0000000ac6500000)]
  0x000001b1601d4870 JavaThread "C2 CompilerThread1" daemon [_thread_in_native, id=4504, stack(0x0000000ac6500000,0x0000000ac6600000)]

Other Threads:
  0x000001b15f2d8520 VMThread "VM Thread" [stack: 0x0000000ac5800000,0x0000000ac5900000] [id=4952]
  0x000001b15feb68f0 WatcherThread [stack: 0x0000000ac6300000,0x0000000ac6400000] [id=2752]
  0x000001b1462b2e30 GCTaskThread "GC Thread#0" [stack: 0x0000000ac5300000,0x0000000ac5400000] [id=3828]
  0x000001b1462c4a60 ConcurrentGCThread "G1 Main Marker" [stack: 0x0000000ac5400000,0x0000000ac5500000] [id=2880]
  0x000001b1462c5380 ConcurrentGCThread "G1 Conc#0" [stack: 0x0000000ac5500000,0x0000000ac5600000] [id=648]
  0x000001b146329eb0 ConcurrentGCThread "G1 Refine#0" [stack: 0x0000000ac5600000,0x0000000ac5700000] [id=8196]
  0x000001b14632a7e0 ConcurrentGCThread "G1 Service" [stack: 0x0000000ac5700000,0x0000000ac5800000] [id=8508]

Threads with active compile tasks:
C2 CompilerThread0      655  163       4       java.util.zip.ZipFile$Source::initCEN (591 bytes)
C1 CompilerThread0      655  278       3       sun.util.locale.LanguageTag::parse (205 bytes)
C2 CompilerThread1      655  223       4       java.lang.String::hashCode (60 bytes)

VM state: not at safepoint (normal execution)

VM Mutex/Monitor currently owned by a thread:  ([mutex/lock_event])
[0x000001b1462551c0] Metaspace_lock - owner thread: 0x000001b14625b420
[0x000001b146257190] MethodData_lock - owner thread: 0x000001b15fd3b840

Heap address: 0x0000000089200000, size: 1902 MB, Compressed Oops mode: 32-bit

CDS archive(s) not mapped
Compressed class space mapped at: 0x0000000100000000-0x0000000140000000, reserved size: 1073741824
Narrow klass base: 0x0000000000000000, Narrow klass shift: 3, Narrow klass range: 0x140000000

GC Precious Log:
 CPUs: 4 total, 4 available
 Memory: 7600M
 Large Page Support: Disabled
 NUMA Support: Disabled
 Compressed Oops: Enabled (32-bit)
 Heap Region Size: 1M
 Heap Min Capacity: 8M
 Heap Initial Capacity: 120M
 Heap Max Capacity: 1902M
 Pre-touch: Disabled
 Parallel Workers: 4
 Concurrent Workers: 1
 Concurrent Refinement Workers: 4
 Periodic GC: Disabled

Heap:
 garbage-first heap   total 122880K, used 20480K [0x0000000089200000, 0x0000000100000000)
  region size 1024K, 4 young (4096K), 0 survivors (0K)
 Metaspace       used 7357K, committed 7488K, reserved 1056768K
  class space    used 647K, committed 704K, reserved 1048576K

Heap Regions: E=young(eden), S=young(survivor), O=old, HS=humongous(starts), HC=humongous(continues), CS=collection set, F=free, OA=open archive, CA=closed archive, TAMS=top-at-mark-start (previous, next)
|   0|0x0000000089200000, 0x0000000089300000, 0x0000000089300000|100%|HS|  |TAMS 0x0000000089200000, 0x0000000089200000| Complete 
|   1|0x0000000089300000, 0x0000000089400000, 0x0000000089400000|100%|HC|  |TAMS 0x0000000089300000, 0x0000000089300000| Complete 
|   2|0x0000000089400000, 0x0000000089500000, 0x0000000089500000|100%|HC|  |TAMS 0x0000000089400000, 0x0000000089400000| Complete 
|   3|0x0000000089500000, 0x0000000089600000, 0x0000000089600000|100%|HC|  |TAMS 0x0000000089500000, 0x0000000089500000| Complete 
|   4|0x0000000089600000, 0x0000000089700000, 0x0000000089700000|100%|HC|  |TAMS 0x0000000089600000, 0x0000000089600000| Complete 
|   5|0x0000000089700000, 0x0000000089800000, 0x0000000089800000|100%|HC|  |TAMS 0x0000000089700000, 0x0000000089700000| Complete 
|   6|0x0000000089800000, 0x0000000089900000, 0x0000000089900000|100%|HC|  |TAMS 0x0000000089800000, 0x0000000089800000| Complete 
|   7|0x0000000089900000, 0x0000000089a00000, 0x0000000089a00000|100%|HC|  |TAMS 0x0000000089900000, 0x0000000089900000| Complete 
|   8|0x0000000089a00000, 0x0000000089b00000, 0x0000000089b00000|100%|HC|  |TAMS 0x0000000089a00000, 0x0000000089a00000| Complete 
|   9|0x0000000089b00000, 0x0000000089c00000, 0x0000000089c00000|100%|HC|  |TAMS 0x0000000089b00000, 0x0000000089b00000| Complete 
|  10|0x0000000089c00000, 0x0000000089d00000, 0x0000000089d00000|100%|HC|  |TAMS 0x0000000089c00000, 0x0000000089c00000| Complete 
|  11|0x0000000089d00000, 0x0000000089e00000, 0x0000000089e00000|100%|HC|  |TAMS 0x0000000089d00000, 0x0000000089d00000| Complete 
|  12|0x0000000089e00000, 0x0000000089f00000, 0x0000000089f00000|100%|HS|  |TAMS 0x0000000089e00000, 0x0000000089e00000| Complete 
|  13|0x0000000089f00000, 0x000000008a000000, 0x000000008a000000|100%|HC|  |TAMS 0x0000000089f00000, 0x0000000089f00000| Complete 
|  14|0x000000008a000000, 0x000000008a100000, 0x000000008a100000|100%|HS|  |TAMS 0x000000008a000000, 0x000000008a000000| Complete 
|  15|0x000000008a100000, 0x000000008a200000, 0x000000008a200000|100%|HC|  |TAMS 0x000000008a100000, 0x000000008a100000| Complete 
|  16|0x000000008a200000, 0x000000008a300000, 0x000000008a300000|100%|HC|  |TAMS 0x000000008a200000, 0x000000008a200000| Complete 
|  17|0x000000008a300000, 0x000000008a300000, 0x000000008a400000|  0%| F|  |TAMS 0x000000008a300000, 0x000000008a300000| Untracked 
|  18|0x000000008a400000, 0x000000008a400000, 0x000000008a500000|  0%| F|  |TAMS 0x000000008a400000, 0x000000008a400000| Untracked 
|  19|0x000000008a500000, 0x000000008a500000, 0x000000008a600000|  0%| F|  |TAMS 0x000000008a500000, 0x000000008a500000| Untracked 
|  20|0x000000008a600000, 0x000000008a600000, 0x000000008a700000|  0%| F|  |TAMS 0x000000008a600000, 0x000000008a600000| Untracked 
|  21|0x000000008a700000, 0x000000008a700000, 0x000000008a800000|  0%| F|  |TAMS 0x000000008a700000, 0x000000008a700000| Untracked 
|  22|0x000000008a800000, 0x000000008a800000, 0x000000008a900000|  0%| F|  |TAMS 0x000000008a800000, 0x000000008a800000| Untracked 
|  23|0x000000008a900000, 0x000000008a900000, 0x000000008aa00000|  0%| F|  |TAMS 0x000000008a900000, 0x000000008a900000| Untracked 
|  24|0x000000008aa00000, 0x000000008aa00000, 0x000000008ab00000|  0%| F|  |TAMS 0x000000008aa00000, 0x000000008aa00000| Untracked 
|  25|0x000000008ab00000, 0x000000008ab00000, 0x000000008ac00000|  0%| F|  |TAMS 0x000000008ab00000, 0x000000008ab00000| Untracked 
|  26|0x000000008ac00000, 0x000000008ac00000, 0x000000008ad00000|  0%| F|  |TAMS 0x000000008ac00000, 0x000000008ac00000| Untracked 
|  27|0x000000008ad00000, 0x000000008ad00000, 0x000000008ae00000|  0%| F|  |TAMS 0x000000008ad00000, 0x000000008ad00000| Untracked 
|  28|0x000000008ae00000, 0x000000008ae00000, 0x000000008af00000|  0%| F|  |TAMS 0x000000008ae00000, 0x000000008ae00000| Untracked 
|  29|0x000000008af00000, 0x000000008af00000, 0x000000008b000000|  0%| F|  |TAMS 0x000000008af00000, 0x000000008af00000| Untracked 
|  30|0x000000008b000000, 0x000000008b000000, 0x000000008b100000|  0%| F|  |TAMS 0x000000008b000000, 0x000000008b000000| Untracked 
|  31|0x000000008b100000, 0x000000008b100000, 0x000000008b200000|  0%| F|  |TAMS 0x000000008b100000, 0x000000008b100000| Untracked 
|  32|0x000000008b200000, 0x000000008b200000, 0x000000008b300000|  0%| F|  |TAMS 0x000000008b200000, 0x000000008b200000| Untracked 
|  33|0x000000008b300000, 0x000000008b300000, 0x000000008b400000|  0%| F|  |TAMS 0x000000008b300000, 0x000000008b300000| Untracked 
|  34|0x000000008b400000, 0x000000008b400000, 0x000000008b500000|  0%| F|  |TAMS 0x000000008b400000, 0x000000008b400000| Untracked 
|  35|0x000000008b500000, 0x000000008b500000, 0x000000008b600000|  0%| F|  |TAMS 0x000000008b500000, 0x000000008b500000| Untracked 
|  36|0x000000008b600000, 0x000000008b600000, 0x000000008b700000|  0%| F|  |TAMS 0x000000008b600000, 0x000000008b600000| Untracked 
|  37|0x000000008b700000, 0x000000008b700000, 0x000000008b800000|  0%| F|  |TAMS 0x000000008b700000, 0x000000008b700000| Untracked 
|  38|0x000000008b800000, 0x000000008b800000, 0x000000008b900000|  0%| F|  |TAMS 0x000000008b800000, 0x000000008b800000| Untracked 
|  39|0x000000008b900000, 0x000000008b900000, 0x000000008ba00000|  0%| F|  |TAMS 0x000000008b900000, 0x000000008b900000| Untracked 
|  40|0x000000008ba00000, 0x000000008ba00000, 0x000000008bb00000|  0%| F|  |TAMS 0x000000008ba00000, 0x000000008ba00000| Untracked 
|  41|0x000000008bb00000, 0x000000008bb00000, 0x000000008bc00000|  0%| F|  |TAMS 0x000000008bb00000, 0x000000008bb00000| Untracked 
|  42|0x000000008bc00000, 0x000000008bc00000, 0x000000008bd00000|  0%| F|  |TAMS 0x000000008bc00000, 0x000000008bc00000| Untracked 
|  43|0x000000008bd00000, 0x000000008bd00000, 0x000000008be00000|  0%| F|  |TAMS 0x000000008bd00000, 0x000000008bd00000| Untracked 
|  44|0x000000008be00000, 0x000000008be00000, 0x000000008bf00000|  0%| F|  |TAMS 0x000000008be00000, 0x000000008be00000| Untracked 
|  45|0x000000008bf00000, 0x000000008bf00000, 0x000000008c000000|  0%| F|  |TAMS 0x000000008bf00000, 0x000000008bf00000| Untracked 
|  46|0x000000008c000000, 0x000000008c000000, 0x000000008c100000|  0%| F|  |TAMS 0x000000008c000000, 0x000000008c000000| Untracked 
|  47|0x000000008c100000, 0x000000008c100000, 0x000000008c200000|  0%| F|  |TAMS 0x000000008c100000, 0x000000008c100000| Untracked 
|  48|0x000000008c200000, 0x000000008c200000, 0x000000008c300000|  0%| F|  |TAMS 0x000000008c200000, 0x000000008c200000| Untracked 
|  49|0x000000008c300000, 0x000000008c300000, 0x000000008c400000|  0%| F|  |TAMS 0x000000008c300000, 0x000000008c300000| Untracked 
|  50|0x000000008c400000, 0x000000008c400000, 0x000000008c500000|  0%| F|  |TAMS 0x000000008c400000, 0x000000008c400000| Untracked 
|  51|0x000000008c500000, 0x000000008c500000, 0x000000008c600000|  0%| F|  |TAMS 0x000000008c500000, 0x000000008c500000| Untracked 
|  52|0x000000008c600000, 0x000000008c600000, 0x000000008c700000|  0%| F|  |TAMS 0x000000008c600000, 0x000000008c600000| Untracked 
|  53|0x000000008c700000, 0x000000008c700000, 0x000000008c800000|  0%| F|  |TAMS 0x000000008c700000, 0x000000008c700000| Untracked 
|  54|0x000000008c800000, 0x000000008c800000, 0x000000008c900000|  0%| F|  |TAMS 0x000000008c800000, 0x000000008c800000| Untracked 
|  55|0x000000008c900000, 0x000000008c900000, 0x000000008ca00000|  0%| F|  |TAMS 0x000000008c900000, 0x000000008c900000| Untracked 
|  56|0x000000008ca00000, 0x000000008ca00000, 0x000000008cb00000|  0%| F|  |TAMS 0x000000008ca00000, 0x000000008ca00000| Untracked 
|  57|0x000000008cb00000, 0x000000008cb00000, 0x000000008cc00000|  0%| F|  |TAMS 0x000000008cb00000, 0x000000008cb00000| Untracked 
|  58|0x000000008cc00000, 0x000000008cc00000, 0x000000008cd00000|  0%| F|  |TAMS 0x000000008cc00000, 0x000000008cc00000| Untracked 
|  59|0x000000008cd00000, 0x000000008cd00000, 0x000000008ce00000|  0%| F|  |TAMS 0x000000008cd00000, 0x000000008cd00000| Untracked 
|  60|0x000000008ce00000, 0x000000008ce00000, 0x000000008cf00000|  0%| F|  |TAMS 0x000000008ce00000, 0x000000008ce00000| Untracked 
|  61|0x000000008cf00000, 0x000000008cf00000, 0x000000008d000000|  0%| F|  |TAMS 0x000000008cf00000, 0x000000008cf00000| Untracked 
|  62|0x000000008d000000, 0x000000008d000000, 0x000000008d100000|  0%| F|  |TAMS 0x000000008d000000, 0x000000008d000000| Untracked 
|  63|0x000000008d100000, 0x000000008d100000, 0x000000008d200000|  0%| F|  |TAMS 0x000000008d100000, 0x000000008d100000| Untracked 
|  64|0x000000008d200000, 0x000000008d200000, 0x000000008d300000|  0%| F|  |TAMS 0x000000008d200000, 0x000000008d200000| Untracked 
|  65|0x000000008d300000, 0x000000008d300000, 0x000000008d400000|  0%| F|  |TAMS 0x000000008d300000, 0x000000008d300000| Untracked 
|  66|0x000000008d400000, 0x000000008d400000, 0x000000008d500000|  0%| F|  |TAMS 0x000000008d400000, 0x000000008d400000| Untracked 
|  67|0x000000008d500000, 0x000000008d500000, 0x000000008d600000|  0%| F|  |TAMS 0x000000008d500000, 0x000000008d500000| Untracked 
|  68|0x000000008d600000, 0x000000008d600000, 0x000000008d700000|  0%| F|  |TAMS 0x000000008d600000, 0x000000008d600000| Untracked 
|  69|0x000000008d700000, 0x000000008d700000, 0x000000008d800000|  0%| F|  |TAMS 0x000000008d700000, 0x000000008d700000| Untracked 
|  70|0x000000008d800000, 0x000000008d800000, 0x000000008d900000|  0%| F|  |TAMS 0x000000008d800000, 0x000000008d800000| Untracked 
|  71|0x000000008d900000, 0x000000008d900000, 0x000000008da00000|  0%| F|  |TAMS 0x000000008d900000, 0x000000008d900000| Untracked 
|  72|0x000000008da00000, 0x000000008da00000, 0x000000008db00000|  0%| F|  |TAMS 0x000000008da00000, 0x000000008da00000| Untracked 
|  73|0x000000008db00000, 0x000000008db00000, 0x000000008dc00000|  0%| F|  |TAMS 0x000000008db00000, 0x000000008db00000| Untracked 
|  74|0x000000008dc00000, 0x000000008dc00000, 0x000000008dd00000|  0%| F|  |TAMS 0x000000008dc00000, 0x000000008dc00000| Untracked 
|  75|0x000000008dd00000, 0x000000008dd00000, 0x000000008de00000|  0%| F|  |TAMS 0x000000008dd00000, 0x000000008dd00000| Untracked 
|  76|0x000000008de00000, 0x000000008de00000, 0x000000008df00000|  0%| F|  |TAMS 0x000000008de00000, 0x000000008de00000| Untracked 
|  77|0x000000008df00000, 0x000000008df00000, 0x000000008e000000|  0%| F|  |TAMS 0x000000008df00000, 0x000000008df00000| Untracked 
|  78|0x000000008e000000, 0x000000008e000000, 0x000000008e100000|  0%| F|  |TAMS 0x000000008e000000, 0x000000008e000000| Untracked 
|  79|0x000000008e100000, 0x000000008e100000, 0x000000008e200000|  0%| F|  |TAMS 0x000000008e100000, 0x000000008e100000| Untracked 
|  80|0x000000008e200000, 0x000000008e200000, 0x000000008e300000|  0%| F|  |TAMS 0x000000008e200000, 0x000000008e200000| Untracked 
|  81|0x000000008e300000, 0x000000008e300000, 0x000000008e400000|  0%| F|  |TAMS 0x000000008e300000, 0x000000008e300000| Untracked 
|  82|0x000000008e400000, 0x000000008e400000, 0x000000008e500000|  0%| F|  |TAMS 0x000000008e400000, 0x000000008e400000| Untracked 
|  83|0x000000008e500000, 0x000000008e500000, 0x000000008e600000|  0%| F|  |TAMS 0x000000008e500000, 0x000000008e500000| Untracked 
|  84|0x000000008e600000, 0x000000008e600000, 0x000000008e700000|  0%| F|  |TAMS 0x000000008e600000, 0x000000008e600000| Untracked 
|  85|0x000000008e700000, 0x000000008e700000, 0x000000008e800000|  0%| F|  |TAMS 0x000000008e700000, 0x000000008e700000| Untracked 
|  86|0x000000008e800000, 0x000000008e800000, 0x000000008e900000|  0%| F|  |TAMS 0x000000008e800000, 0x000000008e800000| Untracked 
|  87|0x000000008e900000, 0x000000008e900000, 0x000000008ea00000|  0%| F|  |TAMS 0x000000008e900000, 0x000000008e900000| Untracked 
|  88|0x000000008ea00000, 0x000000008ea00000, 0x000000008eb00000|  0%| F|  |TAMS 0x000000008ea00000, 0x000000008ea00000| Untracked 
|  89|0x000000008eb00000, 0x000000008eb00000, 0x000000008ec00000|  0%| F|  |TAMS 0x000000008eb00000, 0x000000008eb00000| Untracked 
|  90|0x000000008ec00000, 0x000000008ec00000, 0x000000008ed00000|  0%| F|  |TAMS 0x000000008ec00000, 0x000000008ec00000| Untracked 
|  91|0x000000008ed00000, 0x000000008ed00000, 0x000000008ee00000|  0%| F|  |TAMS 0x000000008ed00000, 0x000000008ed00000| Untracked 
|  92|0x000000008ee00000, 0x000000008ee00000, 0x000000008ef00000|  0%| F|  |TAMS 0x000000008ee00000, 0x000000008ee00000| Untracked 
|  93|0x000000008ef00000, 0x000000008ef00000, 0x000000008f000000|  0%| F|  |TAMS 0x000000008ef00000, 0x000000008ef00000| Untracked 
|  94|0x000000008f000000, 0x000000008f000000, 0x000000008f100000|  0%| F|  |TAMS 0x000000008f000000, 0x000000008f000000| Untracked 
|  95|0x000000008f100000, 0x000000008f100000, 0x000000008f200000|  0%| F|  |TAMS 0x000000008f100000, 0x000000008f100000| Untracked 
|  96|0x000000008f200000, 0x000000008f200000, 0x000000008f300000|  0%| F|  |TAMS 0x000000008f200000, 0x000000008f200000| Untracked 
|  97|0x000000008f300000, 0x000000008f300000, 0x000000008f400000|  0%| F|  |TAMS 0x000000008f300000, 0x000000008f300000| Untracked 
|  98|0x000000008f400000, 0x000000008f400000, 0x000000008f500000|  0%| F|  |TAMS 0x000000008f400000, 0x000000008f400000| Untracked 
|  99|0x000000008f500000, 0x000000008f500000, 0x000000008f600000|  0%| F|  |TAMS 0x000000008f500000, 0x000000008f500000| Untracked 
| 100|0x000000008f600000, 0x000000008f600000, 0x000000008f700000|  0%| F|  |TAMS 0x000000008f600000, 0x000000008f600000| Untracked 
| 101|0x000000008f700000, 0x000000008f700000, 0x000000008f800000|  0%| F|  |TAMS 0x000000008f700000, 0x000000008f700000| Untracked 
| 102|0x000000008f800000, 0x000000008f800000, 0x000000008f900000|  0%| F|  |TAMS 0x000000008f800000, 0x000000008f800000| Untracked 
| 103|0x000000008f900000, 0x000000008f900000, 0x000000008fa00000|  0%| F|  |TAMS 0x000000008f900000, 0x000000008f900000| Untracked 
| 104|0x000000008fa00000, 0x000000008fa00000, 0x000000008fb00000|  0%| F|  |TAMS 0x000000008fa00000, 0x000000008fa00000| Untracked 
| 105|0x000000008fb00000, 0x000000008fb00000, 0x000000008fc00000|  0%| F|  |TAMS 0x000000008fb00000, 0x000000008fb00000| Untracked 
| 106|0x000000008fc00000, 0x000000008fc00000, 0x000000008fd00000|  0%| F|  |TAMS 0x000000008fc00000, 0x000000008fc00000| Untracked 
| 107|0x000000008fd00000, 0x000000008fd00000, 0x000000008fe00000|  0%| F|  |TAMS 0x000000008fd00000, 0x000000008fd00000| Untracked 
| 108|0x000000008fe00000, 0x000000008fe00000, 0x000000008ff00000|  0%| F|  |TAMS 0x000000008fe00000, 0x000000008fe00000| Untracked 
| 109|0x000000008ff00000, 0x000000008ff00000, 0x0000000090000000|  0%| F|  |TAMS 0x000000008ff00000, 0x000000008ff00000| Untracked 
| 110|0x0000000090000000, 0x0000000090000000, 0x0000000090100000|  0%| F|  |TAMS 0x0000000090000000, 0x0000000090000000| Untracked 
| 111|0x0000000090100000, 0x0000000090100000, 0x0000000090200000|  0%| F|  |TAMS 0x0000000090100000, 0x0000000090100000| Untracked 
| 112|0x0000000090200000, 0x0000000090200000, 0x0000000090300000|  0%| F|  |TAMS 0x0000000090200000, 0x0000000090200000| Untracked 
| 113|0x0000000090300000, 0x0000000090300000, 0x0000000090400000|  0%| F|  |TAMS 0x0000000090300000, 0x0000000090300000| Untracked 
| 114|0x0000000090400000, 0x0000000090400000, 0x0000000090500000|  0%| F|  |TAMS 0x0000000090400000, 0x0000000090400000| Untracked 
| 115|0x0000000090500000, 0x0000000090500000, 0x0000000090600000|  0%| F|  |TAMS 0x0000000090500000, 0x0000000090500000| Untracked 
| 116|0x0000000090600000, 0x0000000090643110, 0x0000000090700000| 26%| E|  |TAMS 0x0000000090600000, 0x0000000090600000| Complete 
| 117|0x0000000090700000, 0x0000000090800000, 0x0000000090800000|100%| E|CS|TAMS 0x0000000090700000, 0x0000000090700000| Complete 
| 118|0x0000000090800000, 0x0000000090900000, 0x0000000090900000|100%| E|CS|TAMS 0x0000000090800000, 0x0000000090800000| Complete 
| 119|0x0000000090900000, 0x0000000090a00000, 0x0000000090a00000|100%| E|CS|TAMS 0x0000000090900000, 0x0000000090900000| Complete 

Card table byte_map: [0x000001b158af0000,0x000001b158eb0000] _byte_map_base: 0x000001b1586a7000

Marking Bits (Prev, Next): (CMBitMap*) 0x000001b1462b5370, (CMBitMap*) 0x000001b1462b53b0
 Prev Bits: [0x000001b159270000, 0x000001b15b028000)
 Next Bits: [0x000001b15b030000, 0x000001b15cde8000)

Polling page: 0x000001b145a30000

Metaspace:

Usage:
  Non-class:      6.55 MB used.
      Class:    647.47 KB used.
       Both:      7.19 MB used.

Virtual space:
  Non-class space:        8.00 MB reserved,       6.62 MB ( 83%) committed,  1 nodes.
      Class space:        1.00 GB reserved,     704.00 KB ( <1%) committed,  1 nodes.
             Both:        1.01 GB reserved,       7.31 MB ( <1%) committed. 

Chunk freelists:
   Non-Class:  1018.00 KB
       Class:  3.23 MB
        Both:  4.23 MB

MaxMetaspaceSize: unlimited
CompressedClassSpaceSize: 1.00 GB
Initial GC threshold: 21.00 MB
Current GC threshold: 21.00 MB
CDS: off
MetaspaceReclaimPolicy: balanced
 - commit_granule_bytes: 65536.
 - commit_granule_words: 8192.
 - virtual_space_node_default_size: 1048576.
 - enlarge_chunks_in_place: 1.
 - new_chunks_are_fully_committed: 0.
 - uncommit_free_chunks: 1.
 - use_allocation_guard: 0.
 - handle_deallocations: 1.


Internal statistics:

num_allocs_failed_limit: 0.
num_arena_births: 10.
num_arena_deaths: 0.
num_vsnodes_births: 2.
num_vsnodes_deaths: 0.
num_space_committed: 117.
num_space_uncommitted: 0.
num_chunks_returned_to_freelist: 0.
num_chunks_taken_from_freelist: 33.
num_chunk_merges: 0.
num_chunk_splits: 15.
num_chunks_enlarged: 8.
num_purges: 0.
num_inconsistent_stats: 0.

CodeHeap 'non-profiled nmethods': size=120000Kb used=85Kb max_used=85Kb free=119914Kb
 bounds [0x000001b151200000, 0x000001b151470000, 0x000001b158730000]
CodeHeap 'profiled nmethods': size=120000Kb used=447Kb max_used=447Kb free=119553Kb
 bounds [0x000001b149730000, 0x000001b1499a0000, 0x000001b150c60000]
CodeHeap 'non-nmethods': size=5760Kb used=1105Kb max_used=1119Kb free=4654Kb
 bounds [0x000001b150c60000, 0x000001b150ed0000, 0x000001b151200000]
 total_blobs=659 nmethods=275 adapters=297
 compilation: enabled
              stopped_count=0, restarted_count=0
 full_count=0

Compilation events (20 events):
Event: 0.434 Thread 0x000001b15fd3a7a0 nmethod 161 0x000001b15120e790 code [0x000001b15120e920, 0x000001b15120eb58]
Event: 0.434 Thread 0x000001b15fd3a7a0  162   !   4       java.util.zip.ZipFile$Source::checkAndAddEntry (209 bytes)
Event: 0.441 Thread 0x000001b15fd3a7a0 nmethod 162 0x000001b15120ed10 code [0x000001b15120eec0, 0x000001b15120f5f8]
Event: 0.441 Thread 0x000001b15fd3a7a0  163       4       java.util.zip.ZipFile$Source::initCEN (591 bytes)
Event: 0.446 Thread 0x000001b15fd3b840  164       3       java.lang.String::getBytes (46 bytes)
Event: 0.446 Thread 0x000001b15fd3b840 nmethod 164 0x000001b14976ae90 code [0x000001b14976b060, 0x000001b14976b378]
Event: 0.446 Thread 0x000001b15fd3b840  165       3       jdk.internal.misc.Unsafe::putReferenceRelease (9 bytes)
Event: 0.446 Thread 0x000001b15fd3b840 nmethod 165 0x000001b14976b490 code [0x000001b14976b620, 0x000001b14976b778]
Event: 0.446 Thread 0x000001b15fd3b840  167       3       java.util.concurrent.ConcurrentHashMap::setTabAt (20 bytes)
Event: 0.446 Thread 0x000001b15fd3b840 nmethod 167 0x000001b14976b810 code [0x000001b14976b9c0, 0x000001b14976bbc8]
Event: 0.447 Thread 0x000001b15fd3b840  168       3       java.lang.String::checkBoundsBeginEnd (63 bytes)
Event: 0.448 Thread 0x000001b15fd3b840 nmethod 168 0x000001b14976bc90 code [0x000001b14976bf20, 0x000001b14976c7f8]
Event: 0.449 Thread 0x000001b15fd3b840  169       3       java.lang.String::lastIndexOf (29 bytes)
Event: 0.449 Thread 0x000001b15fd3b840 nmethod 169 0x000001b14976cb90 code [0x000001b14976cd60, 0x000001b14976cff8]
Event: 0.450 Thread 0x000001b15fd3b840  171       3       java.lang.String::lastIndexOf (12 bytes)
Event: 0.450 Thread 0x000001b15fd3b840 nmethod 171 0x000001b14976d110 code [0x000001b14976d300, 0x000001b14976d6f8]
Event: 0.461 Thread 0x000001b15fd3b840  172       3       java.util.HashMap::put (13 bytes)
Event: 0.461 Thread 0x000001b15fd3b840 nmethod 172 0x000001b14976d890 code [0x000001b14976da40, 0x000001b14976dd38]
Event: 0.461 Thread 0x000001b15fd3b840  173       3       java.util.HashMap::putVal (300 bytes)
Event: 0.462 Thread 0x000001b15fd3b840 nmethod 173 0x000001b14976de90 code [0x000001b14976e120, 0x000001b14976f2f8]

GC Heap History (0 events):
No events

Dll operation events (2 events):
Event: 0.065 Loaded shared library C:\Program Files\Android\Android Studio\jbr\bin\java.dll
Event: 0.395 Loaded shared library C:\Program Files\Android\Android Studio\jbr\bin\verify.dll

Deoptimization events (20 events):
Event: 0.352 Thread 0x000001b14625b420 DEOPT PACKING pc=0x000001b151205678 sp=0x0000000ac52fa3b0
Event: 0.353 Thread 0x000001b14625b420 DEOPT UNPACKING pc=0x000001b150cb69a3 sp=0x0000000ac52fa358 mode 2
Event: 0.358 Thread 0x000001b14625b420 Uncommon trap: trap_request=0xffffff45 fr.pc=0x000001b151204ce8 relative=0x0000000000000628
Event: 0.358 Thread 0x000001b14625b420 Uncommon trap: reason=unstable_if action=reinterpret pc=0x000001b151204ce8 method=java.util.zip.ZipCoder$UTF8ZipCoder.checkedHash([BII)I @ 75 c2
Event: 0.358 Thread 0x000001b14625b420 DEOPT PACKING pc=0x000001b151204ce8 sp=0x0000000ac52fa2b0
Event: 0.358 Thread 0x000001b14625b420 DEOPT UNPACKING pc=0x000001b150cb69a3 sp=0x0000000ac52fa178 mode 2
Event: 0.358 Thread 0x000001b14625b420 Uncommon trap: trap_request=0xffffff45 fr.pc=0x000001b151203ffc relative=0x000000000000025c
Event: 0.358 Thread 0x000001b14625b420 Uncommon trap: reason=unstable_if action=reinterpret pc=0x000001b151203ffc method=java.util.zip.ZipCoder$UTF8ZipCoder.checkedHash([BII)I @ 75 c2
Event: 0.358 Thread 0x000001b14625b420 DEOPT PACKING pc=0x000001b151203ffc sp=0x0000000ac52fa1e0
Event: 0.358 Thread 0x000001b14625b420 DEOPT UNPACKING pc=0x000001b150cb69a3 sp=0x0000000ac52fa170 mode 2
Event: 0.358 Thread 0x000001b14625b420 Uncommon trap: trap_request=0xffffff45 fr.pc=0x000001b151205b78 relative=0x0000000000000158
Event: 0.358 Thread 0x000001b14625b420 Uncommon trap: reason=unstable_if action=reinterpret pc=0x000001b151205b78 method=java.util.zip.ZipFile$Source.isMetaName([BII)Z @ 15 c2
Event: 0.358 Thread 0x000001b14625b420 DEOPT PACKING pc=0x000001b151205b78 sp=0x0000000ac52fa2c0
Event: 0.358 Thread 0x000001b14625b420 DEOPT UNPACKING pc=0x000001b150cb69a3 sp=0x0000000ac52fa250 mode 2
Event: 0.358 Thread 0x000001b14625b420 Uncommon trap: trap_request=0xffffff45 fr.pc=0x000001b1512035c0 relative=0x00000000000002a0
Event: 0.358 Thread 0x000001b14625b420 Uncommon trap: reason=unstable_if action=reinterpret pc=0x000001b1512035c0 method=java.util.zip.ZipCoder$UTF8ZipCoder.checkedHash([BII)I @ 75 c2
Event: 0.358 Thread 0x000001b14625b420 DEOPT PACKING pc=0x000001b1512035c0 sp=0x0000000ac52fa1c0
Event: 0.358 Thread 0x000001b14625b420 DEOPT UNPACKING pc=0x000001b150cb69a3 sp=0x0000000ac52fa170 mode 2
Event: 0.433 Thread 0x000001b14625b420 DEOPT PACKING pc=0x000001b14975a8aa sp=0x0000000ac52fdde0
Event: 0.433 Thread 0x000001b14625b420 DEOPT UNPACKING pc=0x000001b150cb7143 sp=0x0000000ac52fd370 mode 0

Classes unloaded (0 events):
No events

Classes redefined (0 events):
No events

Internal exceptions (0 events):
No events

VM Operations (6 events):
Event: 0.365 Executing VM operation: HandshakeAllThreads
Event: 0.365 Executing VM operation: HandshakeAllThreads done
Event: 0.365 Executing VM operation: HandshakeAllThreads
Event: 0.365 Executing VM operation: HandshakeAllThreads done
Event: 0.448 Executing VM operation: HandshakeAllThreads
Event: 0.448 Executing VM operation: HandshakeAllThreads done

Events (20 events):
Event: 0.450 loading class java/text/ParseException
Event: 0.450 loading class java/text/ParseException done
Event: 0.460 loading class java/text/DateFormat
Event: 0.460 loading class java/text/Format
Event: 0.460 loading class java/text/Format done
Event: 0.460 loading class java/text/DateFormat done
Event: 0.460 loading class java/text/SimpleDateFormat
Event: 0.461 loading class java/text/SimpleDateFormat done
Event: 0.461 loading class java/text/DateFormat$Field
Event: 0.461 loading class java/text/Format$Field
Event: 0.461 loading class java/text/AttributedCharacterIterator$Attribute
Event: 0.461 loading class java/text/AttributedCharacterIterator$Attribute done
Event: 0.461 loading class java/text/Format$Field done
Event: 0.461 loading class java/text/DateFormat$Field done
Event: 0.461 loading class java/util/Locale$Category
Event: 0.461 loading class java/util/Locale$Category done
Event: 0.461 loading class java/util/Calendar
Event: 0.462 loading class java/util/Calendar done
Event: 0.462 loading class java/util/TimeZone
Event: 0.462 loading class java/util/TimeZone done


Dynamic libraries:
0x00007ff7db8e0000 - 0x00007ff7db8ea000 	C:\Program Files\Android\Android Studio\jbr\bin\java.exe
0x00007ffe7cef0000 - 0x00007ffe7d0e8000 	C:\Windows\SYSTEM32\ntdll.dll
0x00007ffe7c580000 - 0x00007ffe7c63d000 	C:\Windows\System32\KERNEL32.DLL
0x00007ffe7a730000 - 0x00007ffe7aa26000 	C:\Windows\System32\KERNELBASE.dll
0x00007ffe7abb0000 - 0x00007ffe7acb0000 	C:\Windows\System32\ucrtbase.dll
0x00007ffe2d580000 - 0x00007ffe2d597000 	C:\Program Files\Android\Android Studio\jbr\bin\jli.dll
0x00007ffe72450000 - 0x00007ffe7246b000 	C:\Program Files\Android\Android Studio\jbr\bin\VCRUNTIME140.dll
0x00007ffe7bca0000 - 0x00007ffe7be3e000 	C:\Windows\System32\USER32.dll
0x00007ffe7aa30000 - 0x00007ffe7aa52000 	C:\Windows\System32\win32u.dll
0x00007ffe72df0000 - 0x00007ffe7308a000 	C:\Windows\WinSxS\amd64_microsoft.windows.common-controls_6595b64144ccf1df_6.0.19041.3636_none_60b6a03d71f818d5\COMCTL32.dll
0x00007ffe7ce70000 - 0x00007ffe7ce9c000 	C:\Windows\System32\GDI32.dll
0x00007ffe7b300000 - 0x00007ffe7b39e000 	C:\Windows\System32\msvcrt.dll
0x00007ffe7acb0000 - 0x00007ffe7adca000 	C:\Windows\System32\gdi32full.dll
0x00007ffe7ae20000 - 0x00007ffe7aebd000 	C:\Windows\System32\msvcp_win.dll
0x00007ffe7c000000 - 0x00007ffe7c030000 	C:\Windows\System32\IMM32.DLL
0x00007ffe736f0000 - 0x00007ffe736fc000 	C:\Program Files\Android\Android Studio\jbr\bin\vcruntime140_1.dll
0x00007ffe60e50000 - 0x00007ffe60edd000 	C:\Program Files\Android\Android Studio\jbr\bin\msvcp140.dll
0x00007ffe34480000 - 0x00007ffe350ee000 	C:\Program Files\Android\Android Studio\jbr\bin\server\jvm.dll
0x00007ffe7bef0000 - 0x00007ffe7bf9f000 	C:\Windows\System32\ADVAPI32.dll
0x00007ffe7cb20000 - 0x00007ffe7cbbc000 	C:\Windows\System32\sechost.dll
0x00007ffe7bb70000 - 0x00007ffe7bc96000 	C:\Windows\System32\RPCRT4.dll
0x00007ffe64ed0000 - 0x00007ffe64ed9000 	C:\Windows\SYSTEM32\WSOCK32.dll
0x00007ffe71d10000 - 0x00007ffe71d1a000 	C:\Windows\SYSTEM32\VERSION.dll
0x00007ffe73e70000 - 0x00007ffe73e97000 	C:\Windows\SYSTEM32\WINMM.dll
0x00007ffe7c030000 - 0x00007ffe7c09b000 	C:\Windows\System32\WS2_32.dll
0x00007ffe782d0000 - 0x00007ffe782e2000 	C:\Windows\SYSTEM32\kernel.appcore.dll
0x00007ffe64b70000 - 0x00007ffe64b7a000 	C:\Program Files\Android\Android Studio\jbr\bin\jimage.dll
0x00007ffe63a40000 - 0x00007ffe63c24000 	C:\Windows\SYSTEM32\DBGHELP.DLL
0x00007ffe639e0000 - 0x00007ffe63a14000 	C:\Windows\SYSTEM32\dbgcore.DLL
0x00007ffe7aec0000 - 0x00007ffe7af42000 	C:\Windows\System32\bcryptPrimitives.dll
0x00007ffe3d3f0000 - 0x00007ffe3d415000 	C:\Program Files\Android\Android Studio\jbr\bin\java.dll
0x00007ffe61dd0000 - 0x00007ffe61de8000 	C:\Program Files\Android\Android Studio\jbr\bin\zip.dll
0x00007ffe7b3a0000 - 0x00007ffe7bae5000 	C:\Windows\System32\SHELL32.dll
0x00007ffe784d0000 - 0x00007ffe78c6b000 	C:\Windows\SYSTEM32\windows.storage.dll
0x00007ffe7c170000 - 0x00007ffe7c4c4000 	C:\Windows\System32\combase.dll
0x00007ffe7a010000 - 0x00007ffe7a03d000 	C:\Windows\SYSTEM32\Wldp.dll
0x00007ffe7c4d0000 - 0x00007ffe7c57d000 	C:\Windows\System32\SHCORE.dll
0x00007ffe7afd0000 - 0x00007ffe7b025000 	C:\Windows\System32\shlwapi.dll
0x00007ffe7a500000 - 0x00007ffe7a525000 	C:\Windows\SYSTEM32\profapi.dll
0x00007ffe61c30000 - 0x00007ffe61c49000 	C:\Program Files\Android\Android Studio\jbr\bin\net.dll
0x00007ffe74970000 - 0x00007ffe74a7a000 	C:\Windows\SYSTEM32\WINHTTP.dll
0x00007ffe79d00000 - 0x00007ffe79d6a000 	C:\Windows\system32\mswsock.dll
0x00007ffe3d3d0000 - 0x00007ffe3d3e6000 	C:\Program Files\Android\Android Studio\jbr\bin\nio.dll
0x00007ffe64540000 - 0x00007ffe64550000 	C:\Program Files\Android\Android Studio\jbr\bin\verify.dll

dbghelp: loaded successfully - version: 4.0.5 - missing functions: none
symbol engine: initialized successfully - sym options: 0x614 - pdb path: .;C:\Program Files\Android\Android Studio\jbr\bin;C:\Windows\SYSTEM32;C:\Windows\WinSxS\amd64_microsoft.windows.common-controls_6595b64144ccf1df_6.0.19041.3636_none_60b6a03d71f818d5;C:\Program Files\Android\Android Studio\jbr\bin\server

VM Arguments:
java_command: git4idea.http.GitAskPassApp Username for 'https://github.com': 
java_class_path (initial): C:/Program Files/Android/Android Studio/plugins/vcs-git/lib/git4idea-rt.jar;C:/Program Files/Android/Android Studio/lib/externalProcess-rt.jar;C:/Program Files/Android/Android Studio/lib/app.jar;C:/Program Files/Android/Android Studio/lib/3rd-party-rt.jar
Launcher Type: SUN_STANDARD

[Global flags]
     intx CICompilerCount                          = 3                                         {product} {ergonomic}
     uint ConcGCThreads                            = 1                                         {product} {ergonomic}
     uint G1ConcRefinementThreads                  = 4                                         {product} {ergonomic}
   size_t G1HeapRegionSize                         = 1048576                                   {product} {ergonomic}
    uintx GCDrainStackTargetSize                   = 64                                        {product} {ergonomic}
   size_t InitialHeapSize                          = 125829120                                 {product} {ergonomic}
   size_t MarkStackSize                            = 4194304                                   {product} {ergonomic}
   size_t MaxHeapSize                              = 1994391552                                {product} {ergonomic}
   size_t MaxNewSize                               = 1196425216                                {product} {ergonomic}
   size_t MinHeapDeltaBytes                        = 1048576                                   {product} {ergonomic}
   size_t MinHeapSize                              = 8388608                                   {product} {ergonomic}
    uintx NonNMethodCodeHeapSize                   = 5832780                                {pd product} {ergonomic}
    uintx NonProfiledCodeHeapSize                  = 122912730                              {pd product} {ergonomic}
    uintx ProfiledCodeHeapSize                     = 122912730                              {pd product} {ergonomic}
    uintx ReservedCodeCacheSize                    = 251658240                              {pd product} {ergonomic}
     bool SegmentedCodeCache                       = true                                      {product} {ergonomic}
   size_t SoftMaxHeapSize                          = 1994391552                             {manageable} {ergonomic}
     bool UseCompressedClassPointers               = true                           {product lp64_product} {ergonomic}
     bool UseCompressedOops                        = true                           {product lp64_product} {ergonomic}
     bool UseG1GC                                  = true                                      {product} {ergonomic}
     bool UseLargePagesIndividualAllocation        = false                                  {pd product} {ergonomic}

Logging:
Log output configuration:
 #0: stdout all=warning uptime,level,tags
 #1: stderr all=off uptime,level,tags

Environment Variables:
PATH=C:/Program Files/Git/mingw64/libexec/git-core;C:/Program Files/Git/mingw64/libexec/git-core;C:\Program Files\Git\mingw64\bin;C:\Program Files\Git\usr\bin;C:\Users\aluno\bin;C:\Python312\Scripts\;C:\Python312\;C:\Program Files\Common Files\Oracle\Java\javapath;C:\Windows\system32;C:\Windows;C:\Windows\System32\Wbem;C:\Windows\System32\WindowsPowerShell\v1.0\;C:\Windows\System32\OpenSSH\;C:\Program Files\Azure Data Studio\bin;C:\Program Files\nodejs\;C:\ProgramData\chocolatey\bin;C:\Program Files (x86)\Microsoft SQL Server\160\Tools\Binn\;C:\Program Files\Microsoft SQL Server\160\Tools\Binn\;C:\Program Files\Microsoft SQL Server\Client SDK\ODBC\170\Tools\Binn\;C:\Program Files\Microsoft SQL Server\160\DTS\Binn\;C:\Program Files\Microsoft VS Code\bin;C:\Program Files\dotnet\;C:\Bin\x86\;C:\Program Files\Microsoft SQL Server\150\Tools\Binn\;C:\Program Files\PuTTY\;C:\flutter\bin;C:\Android_custom\Sdk\platform-tools;C:\Program Files\Git\cmd;C:\Program Files\Common Files\Autodesk Shared\Advance\;C:\Program Files (x86)\Common Files\Autodesk Shared\Advance\;C:\Users\aluno\AppData\Local\Microsoft\WindowsApps;C:\Users\aluno\.dotnet\tools
USERNAME=aluno
DISPLAY=:0.0
LC_ALL=en_US.UTF-8
TERM=xterm-256color
TMPDIR=C:\Users\aluno\AppData\Local\Temp
OS=Windows_NT
PROCESSOR_IDENTIFIER=Intel64 Family 6 Model 60 Stepping 3, GenuineIntel
TMP=C:\Users\aluno\AppData\Local\Temp
TEMP=C:\Users\aluno\AppData\Local\Temp


JNI global refs:
JNI global refs: 7, weak refs: 0

JNI global refs memory usage: 843, weak refs: 209


---------------  S Y S T E M  ---------------

OS:
 Windows 10 , 64 bit Build 19041 (10.0.19041.3636)
OS uptime: 0 days 1:47 hours

CPU: total 4 (initial active 4) (4 cores per cpu, 1 threads per core) family 6 model 60 stepping 3 microcode 0x27, cx8, cmov, fxsr, mmx, sse, sse2, sse3, ssse3, sse4.1, sse4.2, popcnt, lzcnt, tsc, tscinvbit, avx, avx2, aes, erms, clmul, bmi1, bmi2, fma, vzeroupper, clflush

Memory: 4k page, system-wide physical 7600M (589M free)
TotalPageFile size 7600M (AvailPageFile size 2M)
current process WorkingSet (physical memory assigned to process): 55M, peak: 55M
current process commit charge ("private bytes"): 194M, peak: 194M

vm_info: OpenJDK 64-Bit Server VM (17.0.6+0-b2043.56-10027231) for windows-amd64 JRE (17.0.6+0-b2043.56-10027231), built on Apr 28 2023 00:43:19 by "androidbuild" with MS VC++ 16.10 / 16.11 (VS2019)

END.
